2018-05-19 21:58:23 [-][-][-][error][yii\db\Exception] PDOException: SQLSTATE[HY000] [2002] No such file or directory in /data/www/jelly/vendor/yiisoft/yii2/db/Connection.php:687
Stack trace:
#0 /data/www/jelly/vendor/yiisoft/yii2/db/Connection.php(687): PDO->__construct('mysql:host=loca...', 'root', '', NULL)
#1 /data/www/jelly/vendor/yiisoft/yii2/db/Connection.php(613): yii\db\Connection->createPdoInstance()
#2 /data/www/jelly/vendor/yiisoft/yii2/db/Connection.php(996): yii\db\Connection->open()
#3 /data/www/jelly/vendor/yiisoft/yii2/db/Connection.php(983): yii\db\Connection->getMasterPdo()
#4 /data/www/jelly/vendor/yiisoft/yii2/db/Command.php(253): yii\db\Connection->getSlavePdo()
#5 /data/www/jelly/vendor/yiisoft/yii2/db/Command.php(1143): yii\db\Command->prepare(true)
#6 /data/www/jelly/vendor/yiisoft/yii2/db/Command.php(399): yii\db\Command->queryInternal('fetchAll', NULL)
#7 /data/www/jelly/vendor/yiisoft/yii2/db/mysql/Schema.php(312): yii\db\Command->queryAll()
#8 /data/www/jelly/vendor/yiisoft/yii2/db/mysql/Schema.php(125): yii\db\mysql\Schema->findColumns(Object(yii\db\TableSchema))
#9 /data/www/jelly/vendor/yiisoft/yii2/db/Schema.php(744): yii\db\mysql\Schema->loadTableSchema('migration')
#10 /data/www/jelly/vendor/yiisoft/yii2/db/Schema.php(194): yii\db\Schema->getTableMetadata('{{%migration}}', 'schema', true)
#11 /data/www/jelly/vendor/yiisoft/yii2/console/controllers/MigrateController.php(210): yii\db\Schema->getTableSchema('{{%migration}}', true)
#12 /data/www/jelly/vendor/yiisoft/yii2/console/controllers/BaseMigrateController.php(875): yii\console\controllers\MigrateController->getMigrationHistory(NULL)
#13 /data/www/jelly/vendor/yiisoft/yii2/console/controllers/BaseMigrateController.php(166): yii\console\controllers\BaseMigrateController->getNewMigrations()
#14 [internal function]: yii\console\controllers\BaseMigrateController->actionUp('.')
#15 /data/www/jelly/vendor/yiisoft/yii2/base/InlineAction.php(57): call_user_func_array(Array, Array)
#16 /data/www/jelly/vendor/yiisoft/yii2/base/Controller.php(157): yii\base\InlineAction->runWithParams(Array)
#17 /data/www/jelly/vendor/yiisoft/yii2/console/Controller.php(148): yii\base\Controller->runAction('', Array)
#18 /data/www/jelly/vendor/yiisoft/yii2/base/Module.php(528): yii\console\Controller->runAction('', Array)
#19 /data/www/jelly/vendor/yiisoft/yii2/console/Application.php(180): yii\base\Module->runAction('migrate', Array)
#20 /data/www/jelly/vendor/yiisoft/yii2/console/Application.php(147): yii\console\Application->runAction('migrate', Array)
#21 /data/www/jelly/vendor/yiisoft/yii2/base/Application.php(386): yii\console\Application->handleRequest(Object(yii\console\Request))
#22 /data/www/jelly/yii(23): yii\base\Application->run()
#23 {main}

Next yii\db\Exception: SQLSTATE[HY000] [2002] No such file or directory in /data/www/jelly/vendor/yiisoft/yii2/db/Connection.php:624
Stack trace:
#0 /data/www/jelly/vendor/yiisoft/yii2/db/Connection.php(996): yii\db\Connection->open()
#1 /data/www/jelly/vendor/yiisoft/yii2/db/Connection.php(983): yii\db\Connection->getMasterPdo()
#2 /data/www/jelly/vendor/yiisoft/yii2/db/Command.php(253): yii\db\Connection->getSlavePdo()
#3 /data/www/jelly/vendor/yiisoft/yii2/db/Command.php(1143): yii\db\Command->prepare(true)
#4 /data/www/jelly/vendor/yiisoft/yii2/db/Command.php(399): yii\db\Command->queryInternal('fetchAll', NULL)
#5 /data/www/jelly/vendor/yiisoft/yii2/db/mysql/Schema.php(312): yii\db\Command->queryAll()
#6 /data/www/jelly/vendor/yiisoft/yii2/db/mysql/Schema.php(125): yii\db\mysql\Schema->findColumns(Object(yii\db\TableSchema))
#7 /data/www/jelly/vendor/yiisoft/yii2/db/Schema.php(744): yii\db\mysql\Schema->loadTableSchema('migration')
#8 /data/www/jelly/vendor/yiisoft/yii2/db/Schema.php(194): yii\db\Schema->getTableMetadata('{{%migration}}', 'schema', true)
#9 /data/www/jelly/vendor/yiisoft/yii2/console/controllers/MigrateController.php(210): yii\db\Schema->getTableSchema('{{%migration}}', true)
#10 /data/www/jelly/vendor/yiisoft/yii2/console/controllers/BaseMigrateController.php(875): yii\console\controllers\MigrateController->getMigrationHistory(NULL)
#11 /data/www/jelly/vendor/yiisoft/yii2/console/controllers/BaseMigrateController.php(166): yii\console\controllers\BaseMigrateController->getNewMigrations()
#12 [internal function]: yii\console\controllers\BaseMigrateController->actionUp('.')
#13 /data/www/jelly/vendor/yiisoft/yii2/base/InlineAction.php(57): call_user_func_array(Array, Array)
#14 /data/www/jelly/vendor/yiisoft/yii2/base/Controller.php(157): yii\base\InlineAction->runWithParams(Array)
#15 /data/www/jelly/vendor/yiisoft/yii2/console/Controller.php(148): yii\base\Controller->runAction('', Array)
#16 /data/www/jelly/vendor/yiisoft/yii2/base/Module.php(528): yii\console\Controller->runAction('', Array)
#17 /data/www/jelly/vendor/yiisoft/yii2/console/Application.php(180): yii\base\Module->runAction('migrate', Array)
#18 /data/www/jelly/vendor/yiisoft/yii2/console/Application.php(147): yii\console\Application->runAction('migrate', Array)
#19 /data/www/jelly/vendor/yiisoft/yii2/base/Application.php(386): yii\console\Application->handleRequest(Object(yii\console\Request))
#20 /data/www/jelly/yii(23): yii\base\Application->run()
#21 {main}
Additional Information:

2018-05-19 21:58:23 [-][-][-][info][application] $_GET = []

$_POST = []

$_FILES = []

$_COOKIE = []

$_SERVER = [
    'HOSTNAME' => 'jelly-web-prod'
    'SHELL' => '/bin/bash'
    'TERM' => 'xterm'
    'LC_ALL' => 'zh_CN.utf8'
    'USER' => 'www'
    'LS_COLORS' => 'rs=0:di=01;34:ln=01;36:mh=00:pi=40;33:so=01;35:do=01;35:bd=40;33;01:cd=40;33;01:or=40;31;01:mi=01;05;37;41:su=37;41:sg=30;43:ca=30;41:tw=30;42:ow=34;42:st=37;44:ex=01;32:*.tar=01;31:*.tgz=01;31:*.arc=01;31:*.arj=01;31:*.taz=01;31:*.lha=01;31:*.lz4=01;31:*.lzh=01;31:*.lzma=01;31:*.tlz=01;31:*.txz=01;31:*.tzo=01;31:*.t7z=01;31:*.zip=01;31:*.z=01;31:*.Z=01;31:*.dz=01;31:*.gz=01;31:*.lrz=01;31:*.lz=01;31:*.lzo=01;31:*.xz=01;31:*.bz2=01;31:*.bz=01;31:*.tbz=01;31:*.tbz2=01;31:*.tz=01;31:*.deb=01;31:*.rpm=01;31:*.jar=01;31:*.war=01;31:*.ear=01;31:*.sar=01;31:*.rar=01;31:*.alz=01;31:*.ace=01;31:*.zoo=01;31:*.cpio=01;31:*.7z=01;31:*.rz=01;31:*.cab=01;31:*.jpg=01;35:*.jpeg=01;35:*.gif=01;35:*.bmp=01;35:*.pbm=01;35:*.pgm=01;35:*.ppm=01;35:*.tga=01;35:*.xbm=01;35:*.xpm=01;35:*.tif=01;35:*.tiff=01;35:*.png=01;35:*.svg=01;35:*.svgz=01;35:*.mng=01;35:*.pcx=01;35:*.mov=01;35:*.mpg=01;35:*.mpeg=01;35:*.m2v=01;35:*.mkv=01;35:*.webm=01;35:*.ogm=01;35:*.mp4=01;35:*.m4v=01;35:*.mp4v=01;35:*.vob=01;35:*.qt=01;35:*.nuv=01;35:*.wmv=01;35:*.asf=01;35:*.rm=01;35:*.rmvb=01;35:*.flc=01;35:*.avi=01;35:*.fli=01;35:*.flv=01;35:*.gl=01;35:*.dl=01;35:*.xcf=01;35:*.xwd=01;35:*.yuv=01;35:*.cgm=01;35:*.emf=01;35:*.axv=01;35:*.anx=01;35:*.ogv=01;35:*.ogx=01;35:*.aac=01;36:*.au=01;36:*.flac=01;36:*.mid=01;36:*.midi=01;36:*.mka=01;36:*.mp3=01;36:*.mpc=01;36:*.ogg=01;36:*.ra=01;36:*.wav=01;36:*.axa=01;36:*.oga=01;36:*.spx=01;36:*.xspf=01;36:'
    'PATH' => '/usr/local/sbin:/usr/local/bin:/usr/sbin:/usr/bin:/sbin:/bin'
    'NGINX_VERSION' => '1.11.6'
    'PWD' => '/data/www/jelly'
    'HOME' => '/home/www'
    'SHLVL' => '2'
    'LOGNAME' => 'www'
    'LESSOPEN' => '||/usr/bin/lesspipe.sh %s'
    'PHP_VERSION' => '7.1.0'
    '_' => '/usr/local/bin/php'
    'OLDPWD' => '/data/www'
    'PHP_SELF' => 'yii'
    'SCRIPT_NAME' => 'yii'
    'SCRIPT_FILENAME' => 'yii'
    'PATH_TRANSLATED' => 'yii'
    'DOCUMENT_ROOT' => ''
    'REQUEST_TIME_FLOAT' => 1526738303.2234
    'REQUEST_TIME' => 1526738303
    'argv' => [
        0 => 'yii'
        1 => 'migrate'
        2 => '.'
    ]
    'argc' => 3
]
